{"contracts/compound/CErc20Mock.sol":{"l":{"13":25,"14":25,"15":25,"19":16,"20":16,"21":16,"25":0,"29":6,"30":6,"31":6,"35":6,"39":9,"43":2,"47":0},"path":"/Users/brendan/workspace/pooltogether-contracts/contracts/compound/CErc20Mock.sol","s":{"1":25,"2":25,"3":25,"4":16,"5":16,"6":16,"7":0,"8":6,"9":6,"10":6,"11":6,"12":9,"13":2,"14":0},"b":{"1":[25,0],"2":[16,0],"3":[6,0],"4":[6,0]},"f":{"1":25,"2":16,"3":0,"4":6,"5":6,"6":9,"7":2,"8":0},"fnMap":{"1":{"name":"initialize","line":12,"loc":{"start":{"line":12,"column":2},"end":{"line":12,"column":86}}},"2":{"name":"mint","line":18,"loc":{"start":{"line":18,"column":2},"end":{"line":18,"column":52}}},"3":{"name":"getCash","line":24,"loc":{"start":{"line":24,"column":2},"end":{"line":24,"column":49}}},"4":{"name":"redeemUnderlying","line":28,"loc":{"start":{"line":28,"column":2},"end":{"line":28,"column":73}}},"5":{"name":"reward","line":34,"loc":{"start":{"line":34,"column":2},"end":{"line":34,"column":43}}},"6":{"name":"balanceOfUnderlying","line":38,"loc":{"start":{"line":38,"column":2},"end":{"line":38,"column":71}}},"7":{"name":"supplyRatePerBlock","line":42,"loc":{"start":{"line":42,"column":2},"end":{"line":42,"column":60}}},"8":{"name":"setSupplyRateMantissa","line":46,"loc":{"start":{"line":46,"column":2},"end":{"line":46,"column":70}}}},"statementMap":{"1":{"start":{"line":13,"column":4},"end":{"line":13,"column":56}},"2":{"start":{"line":14,"column":4},"end":{"line":14,"column":22}},"3":{"start":{"line":15,"column":4},"end":{"line":15,"column":45}},"4":{"start":{"line":19,"column":4},"end":{"line":19,"column":73}},"5":{"start":{"line":20,"column":4},"end":{"line":20,"column":107}},"6":{"start":{"line":21,"column":4},"end":{"line":21,"column":12}},"7":{"start":{"line":25,"column":4},"end":{"line":25,"column":54}},"8":{"start":{"line":29,"column":4},"end":{"line":29,"column":78}},"9":{"start":{"line":30,"column":4},"end":{"line":30,"column":82}},"10":{"start":{"line":31,"column":4},"end":{"line":31,"column":97}},"11":{"start":{"line":35,"column":4},"end":{"line":35,"column":72}},"12":{"start":{"line":39,"column":4},"end":{"line":39,"column":37}},"13":{"start":{"line":43,"column":4},"end":{"line":43,"column":31}},"14":{"start":{"line":47,"column":4},"end":{"line":47,"column":45}}},"branchMap":{"1":{"line":13,"type":"if","locations":[{"start":{"line":13,"column":4},"end":{"line":13,"column":4}},{"start":{"line":13,"column":4},"end":{"line":13,"column":4}}]},"2":{"line":20,"type":"if","locations":[{"start":{"line":20,"column":4},"end":{"line":20,"column":4}},{"start":{"line":20,"column":4},"end":{"line":20,"column":4}}]},"3":{"line":29,"type":"if","locations":[{"start":{"line":29,"column":4},"end":{"line":29,"column":4}},{"start":{"line":29,"column":4},"end":{"line":29,"column":4}}]},"4":{"line":31,"type":"if","locations":[{"start":{"line":31,"column":4},"end":{"line":31,"column":4}},{"start":{"line":31,"column":4},"end":{"line":31,"column":4}}]}}},"contracts/compound/ICErc20.sol":{"l":{},"path":"/Users/brendan/workspace/pooltogether-contracts/contracts/compound/ICErc20.sol","s":{},"b":{},"f":{},"fnMap":{},"statementMap":{},"branchMap":{}},"contracts/DrawManager.sol":{"l":{"36":72,"37":42,"39":30,"40":30,"41":30,"44":72,"45":72,"46":72,"47":72,"52":72,"56":65,"57":65,"60":65,"61":65,"62":65,"64":65,"65":65,"68":65,"69":48,"73":14,"75":13,"79":1,"80":1,"81":1,"82":1,"83":1,"89":9,"90":9,"91":9,"93":9,"94":9,"95":9,"97":9,"98":9,"99":9,"102":9,"103":5,"104":5,"107":9,"109":9,"112":9,"113":8,"114":8,"115":4,"118":1,"119":1,"124":1,"128":13,"130":13,"131":13,"133":13,"134":7,"137":13,"138":0,"141":13,"145":12,"146":1,"148":11,"153":4,"154":3,"156":1,"161":80,"162":80,"163":80,"164":80,"165":80,"166":80,"167":80,"168":14,"169":14,"170":14,"171":11,"172":11,"175":66,"176":66,"177":66,"178":1,"179":1,"187":20,"188":4,"190":16,"191":16,"192":16,"193":16,"194":16,"195":16,"196":16,"200":9,"204":76,"205":74},"path":"/Users/brendan/workspace/pooltogether-contracts/contracts/DrawManager.sol","s":{"1":72,"2":42,"3":30,"4":30,"5":30,"6":72,"7":72,"8":72,"9":72,"10":72,"11":65,"12":65,"13":65,"14":65,"15":65,"16":65,"17":65,"18":65,"19":48,"20":17,"21":14,"22":13,"23":1,"24":1,"25":1,"26":1,"27":1,"28":1,"29":9,"30":9,"31":9,"32":9,"33":9,"34":9,"35":9,"36":9,"37":9,"38":9,"39":5,"40":5,"41":9,"42":9,"43":9,"44":8,"45":8,"46":4,"47":1,"48":1,"49":1,"50":1,"51":13,"52":13,"53":13,"54":13,"55":7,"56":13,"57":0,"58":13,"59":12,"60":1,"61":11,"62":4,"63":3,"64":1,"65":80,"66":80,"67":80,"68":80,"69":80,"70":80,"71":80,"72":14,"73":14,"74":14,"75":11,"76":11,"77":66,"78":66,"79":66,"80":1,"81":1,"82":20,"83":4,"84":16,"85":16,"86":16,"87":16,"88":16,"89":16,"90":16,"91":9,"92":76},"b":{"1":[42,30],"2":[48,17],"3":[14,3],"4":[13,1],"5":[1,0],"6":[9,0],"7":[5,4],"8":[9,0],"9":[8,1],"10":[4,4],"11":[1,0],"12":[7,6],"13":[0,13],"14":[1,11],"15":[3,1],"16":[80,0],"17":[14,66],"18":[11,3],"19":[1,65],"20":[4,16],"21":[16,0],"22":[16,0],"23":[16,0],"24":[74,2]},"f":{"1":72,"2":65,"3":9,"4":1,"5":13,"6":12,"7":4,"8":80,"9":20,"10":9,"11":76},"fnMap":{"1":{"name":"openNextDraw","line":34,"loc":{"start":{"line":34,"column":4},"end":{"line":34,"column":77}}},"2":{"name":"deposit","line":55,"loc":{"start":{"line":55,"column":4},"end":{"line":55,"column":111}}},"3":{"name":"withdraw","line":88,"loc":{"start":{"line":88,"column":4},"end":{"line":88,"column":112}}},"4":{"name":"balanceOf","line":123,"loc":{"start":{"line":123,"column":4},"end":{"line":123,"column":93}}},"5":{"name":"committedBalanceOf","line":127,"loc":{"start":{"line":127,"column":4},"end":{"line":127,"column":102}}},"6":{"name":"openBalanceOf","line":144,"loc":{"start":{"line":144,"column":4},"end":{"line":144,"column":97}}},"7":{"name":"openSupply","line":152,"loc":{"start":{"line":152,"column":4},"end":{"line":152,"column":80}}},"8":{"name":"drawSet","line":160,"loc":{"start":{"line":160,"column":4},"end":{"line":160,"column":105}}},"9":{"name":"draw","line":185,"loc":{"start":{"line":185,"column":4},"end":{"line":185,"column":89}}},"10":{"name":"drawWithEntropy","line":199,"loc":{"start":{"line":199,"column":4},"end":{"line":199,"column":102}}},"11":{"name":"requireOpenDraw","line":203,"loc":{"start":{"line":203,"column":4},"end":{"line":203,"column":55}}}},"statementMap":{"1":{"start":{"line":36,"column":8},"end":{"line":36,"column":1167}},"2":{"start":{"line":37,"column":12},"end":{"line":37,"column":67}},"3":{"start":{"line":39,"column":12},"end":{"line":39,"column":72}},"4":{"start":{"line":40,"column":12},"end":{"line":40,"column":90}},"5":{"start":{"line":41,"column":12},"end":{"line":41,"column":80}},"6":{"start":{"line":44,"column":8},"end":{"line":44,"column":58}},"7":{"start":{"line":45,"column":8},"end":{"line":45,"column":68}},"8":{"start":{"line":46,"column":8},"end":{"line":46,"column":42}},"9":{"start":{"line":47,"column":8},"end":{"line":47,"column":1815}},"10":{"start":{"line":52,"column":8},"end":{"line":52,"column":24}},"11":{"start":{"line":56,"column":8},"end":{"line":56,"column":47}},"12":{"start":{"line":57,"column":8},"end":{"line":57,"column":55}},"13":{"start":{"line":60,"column":8},"end":{"line":60,"column":99}},"14":{"start":{"line":61,"column":8},"end":{"line":61,"column":48}},"15":{"start":{"line":62,"column":8},"end":{"line":62,"column":61}},"16":{"start":{"line":64,"column":8},"end":{"line":64,"column":68}},"17":{"start":{"line":65,"column":8},"end":{"line":65,"column":70}},"18":{"start":{"line":68,"column":8},"end":{"line":68,"column":2609}},"19":{"start":{"line":69,"column":12},"end":{"line":69,"column":62}},"20":{"start":{"line":71,"column":15},"end":{"line":71,"column":2773}},"21":{"start":{"line":73,"column":12},"end":{"line":73,"column":2875}},"22":{"start":{"line":75,"column":16},"end":{"line":75,"column":67}},"23":{"start":{"line":77,"column":19},"end":{"line":77,"column":3127}},"24":{"start":{"line":79,"column":16},"end":{"line":79,"column":106}},"25":{"start":{"line":80,"column":16},"end":{"line":80,"column":108}},"26":{"start":{"line":81,"column":16},"end":{"line":81,"column":86}},"27":{"start":{"line":82,"column":16},"end":{"line":82,"column":59}},"28":{"start":{"line":83,"column":16},"end":{"line":83,"column":67}},"29":{"start":{"line":89,"column":8},"end":{"line":89,"column":47}},"30":{"start":{"line":90,"column":8},"end":{"line":90,"column":68}},"31":{"start":{"line":91,"column":8},"end":{"line":91,"column":70}},"32":{"start":{"line":93,"column":8},"end":{"line":93,"column":27}},"33":{"start":{"line":94,"column":8},"end":{"line":94,"column":28}},"34":{"start":{"line":95,"column":8},"end":{"line":95,"column":21}},"35":{"start":{"line":97,"column":8},"end":{"line":97,"column":4127}},"36":{"start":{"line":98,"column":12},"end":{"line":98,"column":93}},"37":{"start":{"line":99,"column":12},"end":{"line":99,"column":41}},"38":{"start":{"line":102,"column":8},"end":{"line":102,"column":4313}},"39":{"start":{"line":103,"column":12},"end":{"line":103,"column":95}},"40":{"start":{"line":104,"column":12},"end":{"line":104,"column":42}},"41":{"start":{"line":107,"column":8},"end":{"line":107,"column":70}},"42":{"start":{"line":109,"column":8},"end":{"line":109,"column":45}},"43":{"start":{"line":112,"column":8},"end":{"line":112,"column":4674}},"44":{"start":{"line":113,"column":12},"end":{"line":113,"column":62}},"45":{"start":{"line":114,"column":12},"end":{"line":114,"column":4786}},"46":{"start":{"line":115,"column":16},"end":{"line":115,"column":59}},"47":{"start":{"line":117,"column":15},"end":{"line":117,"column":4901}},"48":{"start":{"line":118,"column":12},"end":{"line":118,"column":64}},"49":{"start":{"line":119,"column":12},"end":{"line":119,"column":69}},"50":{"start":{"line":124,"column":8},"end":{"line":124,"column":86}},"51":{"start":{"line":128,"column":8},"end":{"line":128,"column":27}},"52":{"start":{"line":130,"column":8},"end":{"line":130,"column":68}},"53":{"start":{"line":131,"column":8},"end":{"line":131,"column":70}},"54":{"start":{"line":133,"column":8},"end":{"line":133,"column":5592}},"55":{"start":{"line":134,"column":12},"end":{"line":134,"column":118}},"56":{"start":{"line":137,"column":8},"end":{"line":137,"column":5804}},"57":{"start":{"line":138,"column":12},"end":{"line":138,"column":119}},"58":{"start":{"line":141,"column":8},"end":{"line":141,"column":22}},"59":{"start":{"line":145,"column":8},"end":{"line":145,"column":6152}},"60":{"start":{"line":146,"column":12},"end":{"line":146,"column":20}},"61":{"start":{"line":148,"column":12},"end":{"line":148,"column":112}},"62":{"start":{"line":153,"column":8},"end":{"line":153,"column":6451}},"63":{"start":{"line":154,"column":12},"end":{"line":154,"column":65}},"64":{"start":{"line":156,"column":12},"end":{"line":156,"column":20}},"65":{"start":{"line":161,"column":8},"end":{"line":161,"column":43}},"66":{"start":{"line":162,"column":8},"end":{"line":162,"column":47}},"67":{"start":{"line":163,"column":8},"end":{"line":163,"column":79}},"68":{"start":{"line":164,"column":8},"end":{"line":164,"column":6902}},"69":{"start":{"line":165,"column":12},"end":{"line":165,"column":66}},"70":{"start":{"line":166,"column":12},"end":{"line":166,"column":58}},"71":{"start":{"line":167,"column":12},"end":{"line":167,"column":7074}},"72":{"start":{"line":168,"column":16},"end":{"line":168,"column":58}},"73":{"start":{"line":169,"column":16},"end":{"line":169,"column":54}},"74":{"start":{"line":170,"column":16},"end":{"line":170,"column":7237}},"75":{"start":{"line":171,"column":20},"end":{"line":171,"column":85}},"76":{"start":{"line":172,"column":20},"end":{"line":172,"column":88}},"77":{"start":{"line":175,"column":16},"end":{"line":175,"column":58}},"78":{"start":{"line":176,"column":16},"end":{"line":176,"column":54}},"79":{"start":{"line":177,"column":16},"end":{"line":177,"column":7654}},"80":{"start":{"line":178,"column":20},"end":{"line":178,"column":85}},"81":{"start":{"line":179,"column":20},"end":{"line":179,"column":88}},"82":{"start":{"line":187,"column":8},"end":{"line":187,"column":8090}},"83":{"start":{"line":188,"column":12},"end":{"line":188,"column":29}},"84":{"start":{"line":190,"column":8},"end":{"line":190,"column":88}},"85":{"start":{"line":191,"column":8},"end":{"line":191,"column":91}},"86":{"start":{"line":192,"column":8},"end":{"line":192,"column":46}},"87":{"start":{"line":193,"column":8},"end":{"line":193,"column":61}},"88":{"start":{"line":194,"column":8},"end":{"line":194,"column":54}},"89":{"start":{"line":195,"column":8},"end":{"line":195,"column":68}},"90":{"start":{"line":196,"column":8},"end":{"line":196,"column":96}},"91":{"start":{"line":200,"column":8},"end":{"line":200,"column":104}},"92":{"start":{"line":204,"column":8},"end":{"line":204,"column":68}}},"branchMap":{"1":{"line":36,"type":"if","locations":[{"start":{"line":36,"column":8},"end":{"line":36,"column":8}},{"start":{"line":36,"column":8},"end":{"line":36,"column":8}}]},"2":{"line":68,"type":"if","locations":[{"start":{"line":68,"column":8},"end":{"line":68,"column":8}},{"start":{"line":68,"column":8},"end":{"line":68,"column":8}}]},"3":{"line":71,"type":"if","locations":[{"start":{"line":71,"column":15},"end":{"line":71,"column":15}},{"start":{"line":71,"column":15},"end":{"line":71,"column":15}}]},"4":{"line":73,"type":"if","locations":[{"start":{"line":73,"column":12},"end":{"line":73,"column":12}},{"start":{"line":73,"column":12},"end":{"line":73,"column":12}}]},"5":{"line":77,"type":"if","locations":[{"start":{"line":77,"column":19},"end":{"line":77,"column":19}},{"start":{"line":77,"column":19},"end":{"line":77,"column":19}}]},"6":{"line":97,"type":"if","locations":[{"start":{"line":97,"column":8},"end":{"line":97,"column":8}},{"start":{"line":97,"column":8},"end":{"line":97,"column":8}}]},"7":{"line":102,"type":"if","locations":[{"start":{"line":102,"column":8},"end":{"line":102,"column":8}},{"start":{"line":102,"column":8},"end":{"line":102,"column":8}}]},"8":{"line":107,"type":"if","locations":[{"start":{"line":107,"column":8},"end":{"line":107,"column":8}},{"start":{"line":107,"column":8},"end":{"line":107,"column":8}}]},"9":{"line":112,"type":"if","locations":[{"start":{"line":112,"column":8},"end":{"line":112,"column":8}},{"start":{"line":112,"column":8},"end":{"line":112,"column":8}}]},"10":{"line":114,"type":"if","locations":[{"start":{"line":114,"column":12},"end":{"line":114,"column":12}},{"start":{"line":114,"column":12},"end":{"line":114,"column":12}}]},"11":{"line":117,"type":"if","locations":[{"start":{"line":117,"column":15},"end":{"line":117,"column":15}},{"start":{"line":117,"column":15},"end":{"line":117,"column":15}}]},"12":{"line":133,"type":"if","locations":[{"start":{"line":133,"column":8},"end":{"line":133,"column":8}},{"start":{"line":133,"column":8},"end":{"line":133,"column":8}}]},"13":{"line":137,"type":"if","locations":[{"start":{"line":137,"column":8},"end":{"line":137,"column":8}},{"start":{"line":137,"column":8},"end":{"line":137,"column":8}}]},"14":{"line":145,"type":"if","locations":[{"start":{"line":145,"column":8},"end":{"line":145,"column":8}},{"start":{"line":145,"column":8},"end":{"line":145,"column":8}}]},"15":{"line":153,"type":"if","locations":[{"start":{"line":153,"column":8},"end":{"line":153,"column":8}},{"start":{"line":153,"column":8},"end":{"line":153,"column":8}}]},"16":{"line":164,"type":"if","locations":[{"start":{"line":164,"column":8},"end":{"line":164,"column":8}},{"start":{"line":164,"column":8},"end":{"line":164,"column":8}}]},"17":{"line":167,"type":"if","locations":[{"start":{"line":167,"column":12},"end":{"line":167,"column":12}},{"start":{"line":167,"column":12},"end":{"line":167,"column":12}}]},"18":{"line":170,"type":"if","locations":[{"start":{"line":170,"column":16},"end":{"line":170,"column":16}},{"start":{"line":170,"column":16},"end":{"line":170,"column":16}}]},"19":{"line":177,"type":"if","locations":[{"start":{"line":177,"column":16},"end":{"line":177,"column":16}},{"start":{"line":177,"column":16},"end":{"line":177,"column":16}}]},"20":{"line":187,"type":"if","locations":[{"start":{"line":187,"column":8},"end":{"line":187,"column":8}},{"start":{"line":187,"column":8},"end":{"line":187,"column":8}}]},"21":{"line":190,"type":"if","locations":[{"start":{"line":190,"column":8},"end":{"line":190,"column":8}},{"start":{"line":190,"column":8},"end":{"line":190,"column":8}}]},"22":{"line":192,"type":"if","locations":[{"start":{"line":192,"column":8},"end":{"line":192,"column":8}},{"start":{"line":192,"column":8},"end":{"line":192,"column":8}}]},"23":{"line":194,"type":"if","locations":[{"start":{"line":194,"column":8},"end":{"line":194,"column":8}},{"start":{"line":194,"column":8},"end":{"line":194,"column":8}}]},"24":{"line":204,"type":"if","locations":[{"start":{"line":204,"column":8},"end":{"line":204,"column":8}},{"start":{"line":204,"column":8},"end":{"line":204,"column":8}}]}}},"contracts/ExposedDrawManager.sol":{"l":{"11":31,"15":45,"19":4,"23":1,"27":8,"31":11,"35":0,"39":4,"43":3,"47":11,"51":5,"55":2,"59":2},"path":"/Users/brendan/workspace/pooltogether-contracts/contracts/ExposedDrawManager.sol","s":{"1":31,"2":45,"3":4,"4":1,"5":8,"6":11,"7":0,"8":4,"9":3,"10":11,"11":5,"12":2,"13":2},"b":{},"f":{"1":31,"2":45,"3":4,"4":1,"5":8,"6":11,"7":0,"8":4,"9":3,"10":11,"11":5,"12":2,"13":2},"fnMap":{"1":{"name":"openNextDraw","line":10,"loc":{"start":{"line":10,"column":4},"end":{"line":10,"column":32}}},"2":{"name":"deposit","line":14,"loc":{"start":{"line":14,"column":4},"end":{"line":14,"column":55}}},"3":{"name":"withdraw","line":18,"loc":{"start":{"line":18,"column":4},"end":{"line":18,"column":56}}},"4":{"name":"balanceOf","line":22,"loc":{"start":{"line":22,"column":4},"end":{"line":22,"column":64}}},"5":{"name":"committedBalanceOf","line":26,"loc":{"start":{"line":26,"column":4},"end":{"line":26,"column":73}}},"6":{"name":"openBalanceOf","line":30,"loc":{"start":{"line":30,"column":4},"end":{"line":30,"column":68}}},"7":{"name":"committedSupply","line":34,"loc":{"start":{"line":34,"column":4},"end":{"line":34,"column":58}}},"8":{"name":"openSupply","line":38,"loc":{"start":{"line":38,"column":4},"end":{"line":38,"column":53}}},"9":{"name":"openDrawIndex","line":42,"loc":{"start":{"line":42,"column":4},"end":{"line":42,"column":56}}},"10":{"name":"draw","line":46,"loc":{"start":{"line":46,"column":4},"end":{"line":46,"column":60}}},"11":{"name":"firstDrawIndex","line":50,"loc":{"start":{"line":50,"column":4},"end":{"line":50,"column":69}}},"12":{"name":"secondDrawIndex","line":54,"loc":{"start":{"line":54,"column":4},"end":{"line":54,"column":70}}},"13":{"name":"drawWithEntropy","line":58,"loc":{"start":{"line":58,"column":4},"end":{"line":58,"column":73}}}},"statementMap":{"1":{"start":{"line":11,"column":6},"end":{"line":11,"column":29}},"2":{"start":{"line":15,"column":6},"end":{"line":15,"column":36}},"3":{"start":{"line":19,"column":6},"end":{"line":19,"column":37}},"4":{"start":{"line":23,"column":6},"end":{"line":23,"column":38}},"5":{"start":{"line":27,"column":6},"end":{"line":27,"column":47}},"6":{"start":{"line":31,"column":6},"end":{"line":31,"column":42}},"7":{"start":{"line":35,"column":6},"end":{"line":35,"column":38}},"8":{"start":{"line":39,"column":6},"end":{"line":39,"column":35}},"9":{"start":{"line":43,"column":6},"end":{"line":43,"column":36}},"10":{"start":{"line":47,"column":6},"end":{"line":47,"column":34}},"11":{"start":{"line":51,"column":8},"end":{"line":51,"column":50}},"12":{"start":{"line":55,"column":8},"end":{"line":55,"column":51}},"13":{"start":{"line":59,"column":8},"end":{"line":59,"column":49}}},"branchMap":{}},"contracts/ExposedUniformRandomNumber.sol":{"l":{"7":2},"path":"/Users/brendan/workspace/pooltogether-contracts/contracts/ExposedUniformRandomNumber.sol","s":{"1":2},"b":{},"f":{"1":2},"fnMap":{"1":{"name":"uniform","line":6,"loc":{"start":{"line":6,"column":2},"end":{"line":6,"column":87}}}},"statementMap":{"1":{"start":{"line":7,"column":4},"end":{"line":7,"column":61}}},"branchMap":{}},"contracts/Pool.sol":{"l":{"186":25,"187":25,"188":25,"189":25,"190":25,"191":25,"199":41,"200":41,"201":41,"213":16,"214":16,"225":34,"226":34,"227":9,"229":34,"240":7,"241":7,"242":7,"243":7,"257":7,"258":7,"260":7,"263":7,"264":7,"267":7,"270":7,"273":7,"276":7,"279":7,"282":7,"284":6,"287":6,"290":6,"293":1,"297":7,"299":7,"314":7,"315":7,"316":7,"326":2,"329":2,"331":2,"342":16,"345":16,"348":16,"350":14,"358":18,"361":18,"364":16,"367":16,"368":16,"376":1,"379":1,"381":1,"388":5,"391":5,"392":5,"395":5,"397":5,"404":6,"407":6,"410":6,"411":6,"413":6,"421":68,"429":61,"430":19,"432":42,"451":2,"452":2,"453":2,"454":2,"455":2,"464":2,"473":2,"482":9,"491":2,"500":7,"508":1,"517":1,"525":2,"536":1,"540":26,"541":26,"542":26,"544":26,"553":1,"557":26,"558":26,"560":26,"570":3,"579":2,"583":28,"585":28,"594":1,"595":1,"597":1,"605":40,"613":9,"617":55,"618":47,"622":18,"623":18},"path":"/Users/brendan/workspace/pooltogether-contracts/contracts/Pool.sol","s":{"1":25,"2":25,"3":25,"4":25,"5":25,"6":25,"7":41,"8":41,"9":41,"10":16,"11":16,"12":34,"13":34,"14":9,"15":34,"16":7,"17":7,"18":7,"19":7,"20":7,"21":7,"22":7,"23":7,"24":7,"25":7,"26":7,"27":7,"28":7,"29":7,"30":7,"31":6,"32":6,"33":6,"34":1,"35":7,"36":7,"37":7,"38":7,"39":2,"40":2,"41":2,"42":16,"43":16,"44":16,"45":14,"46":18,"47":18,"48":16,"49":16,"50":16,"51":1,"52":1,"53":1,"54":5,"55":5,"56":5,"57":5,"58":5,"59":6,"60":6,"61":6,"62":6,"63":6,"64":68,"65":61,"66":19,"67":42,"68":2,"69":2,"70":2,"71":2,"72":2,"73":2,"74":2,"75":9,"76":2,"77":7,"78":1,"79":1,"80":2,"81":1,"82":26,"83":26,"84":26,"85":26,"86":1,"87":26,"88":26,"89":26,"90":3,"91":2,"92":28,"93":28,"94":1,"95":1,"96":1,"97":40,"98":9,"99":55,"100":18},"b":{"1":[25,0],"2":[25,0],"3":[34,0],"4":[9,25],"5":[7,0],"6":[7,0],"7":[6,1],"8":[18,0],"9":[16,2],"10":[16,0],"11":[16,0],"12":[1,0],"13":[5,0],"14":[6,0],"15":[6,0],"16":[6,0],"17":[19,42],"18":[26,0],"19":[26,0],"20":[26,0],"21":[1,0],"22":[47,8],"23":[18,0]},"f":{"1":25,"2":41,"3":16,"4":34,"5":7,"6":7,"7":7,"8":2,"9":16,"10":18,"11":1,"12":5,"13":6,"14":68,"15":61,"16":2,"17":2,"18":2,"19":9,"20":2,"21":7,"22":1,"23":1,"24":2,"25":1,"26":26,"27":1,"28":26,"29":3,"30":2,"31":28,"32":1,"33":40,"34":9,"35":55,"36":18},"fnMap":{"1":{"name":"init","line":180,"loc":{"start":{"line":180,"column":2},"end":{"line":185,"column":24}}},"2":{"name":"open","line":198,"loc":{"start":{"line":198,"column":2},"end":{"line":198,"column":45}}},"3":{"name":"commit","line":212,"loc":{"start":{"line":212,"column":2},"end":{"line":212,"column":28}}},"4":{"name":"openNextDraw","line":224,"loc":{"start":{"line":224,"column":2},"end":{"line":224,"column":64}}},"5":{"name":"rewardAndOpenNextDraw","line":239,"loc":{"start":{"line":239,"column":2},"end":{"line":239,"column":93}}},"6":{"name":"reward","line":256,"loc":{"start":{"line":256,"column":2},"end":{"line":256,"column":43}}},"7":{"name":"calculateFee","line":313,"loc":{"start":{"line":313,"column":2},"end":{"line":313,"column":101}}},"8":{"name":"depositSponsorship","line":325,"loc":{"start":{"line":325,"column":2},"end":{"line":325,"column":82}}},"9":{"name":"depositPool","line":340,"loc":{"start":{"line":340,"column":2},"end":{"line":340,"column":75}}},"10":{"name":"_deposit","line":357,"loc":{"start":{"line":357,"column":2},"end":{"line":357,"column":45}}},"11":{"name":"withdrawSponsorship","line":375,"loc":{"start":{"line":375,"column":2},"end":{"line":375,"column":67}}},"12":{"name":"withdrawPool","line":387,"loc":{"start":{"line":387,"column":2},"end":{"line":387,"column":45}}},"13":{"name":"_withdraw","line":403,"loc":{"start":{"line":403,"column":2},"end":{"line":403,"column":46}}},"14":{"name":"currentOpenDrawId","line":420,"loc":{"start":{"line":420,"column":2},"end":{"line":420,"column":60}}},"15":{"name":"currentCommittedDrawId","line":428,"loc":{"start":{"line":428,"column":2},"end":{"line":428,"column":65}}},"16":{"name":"getDraw","line":445,"loc":{"start":{"line":445,"column":2},"end":{"line":450,"column":5}}},"17":{"name":"committedBalanceOf","line":463,"loc":{"start":{"line":463,"column":2},"end":{"line":463,"column":74}}},"18":{"name":"openBalanceOf","line":472,"loc":{"start":{"line":472,"column":2},"end":{"line":472,"column":69}}},"19":{"name":"balanceOf","line":481,"loc":{"start":{"line":481,"column":2},"end":{"line":481,"column":65}}},"20":{"name":"balanceOfSponsorship","line":490,"loc":{"start":{"line":490,"column":2},"end":{"line":490,"column":76}}},"21":{"name":"calculateWinner","line":499,"loc":{"start":{"line":499,"column":2},"end":{"line":499,"column":74}}},"22":{"name":"committedSupply","line":507,"loc":{"start":{"line":507,"column":2},"end":{"line":507,"column":58}}},"23":{"name":"estimatedInterestRate","line":516,"loc":{"start":{"line":516,"column":2},"end":{"line":516,"column":79}}},"24":{"name":"supplyRatePerBlock","line":524,"loc":{"start":{"line":524,"column":2},"end":{"line":524,"column":61}}},"25":{"name":"setNextFeeFraction","line":535,"loc":{"start":{"line":535,"column":2},"end":{"line":535,"column":68}}},"26":{"name":"_setNextFeeFraction","line":539,"loc":{"start":{"line":539,"column":2},"end":{"line":539,"column":61}}},"27":{"name":"setNextFeeBeneficiary","line":552,"loc":{"start":{"line":552,"column":2},"end":{"line":552,"column":74}}},"28":{"name":"_setNextFeeBeneficiary","line":556,"loc":{"start":{"line":556,"column":2},"end":{"line":556,"column":67}}},"29":{"name":"addAdmin","line":569,"loc":{"start":{"line":569,"column":2},"end":{"line":569,"column":52}}},"30":{"name":"isAdmin","line":578,"loc":{"start":{"line":578,"column":2},"end":{"line":578,"column":61}}},"31":{"name":"_addAdmin","line":582,"loc":{"start":{"line":582,"column":2},"end":{"line":582,"column":45}}},"32":{"name":"removeAdmin","line":593,"loc":{"start":{"line":593,"column":2},"end":{"line":593,"column":55}}},"33":{"name":"token","line":604,"loc":{"start":{"line":604,"column":2},"end":{"line":604,"column":49}}},"34":{"name":"balance","line":612,"loc":{"start":{"line":612,"column":2},"end":{"line":612,"column":45}}},"35":{"name":"onlyAdmin","line":616,"loc":{"start":{"line":616,"column":2},"end":{"line":616,"column":22}}},"36":{"name":"requireOpenDraw","line":621,"loc":{"start":{"line":621,"column":2},"end":{"line":621,"column":28}}}},"statementMap":{"1":{"start":{"line":186,"column":4},"end":{"line":186,"column":68}},"2":{"start":{"line":187,"column":4},"end":{"line":187,"column":65}},"3":{"start":{"line":188,"column":4},"end":{"line":188,"column":28}},"4":{"start":{"line":189,"column":4},"end":{"line":189,"column":20}},"5":{"start":{"line":190,"column":4},"end":{"line":190,"column":36}},"6":{"start":{"line":191,"column":4},"end":{"line":191,"column":42}},"7":{"start":{"line":199,"column":4},"end":{"line":199,"column":27}},"8":{"start":{"line":200,"column":4},"end":{"line":200,"column":104}},"9":{"start":{"line":201,"column":4},"end":{"line":201,"column":6625}},"10":{"start":{"line":213,"column":4},"end":{"line":213,"column":40}},"11":{"start":{"line":214,"column":4},"end":{"line":214,"column":26}},"12":{"start":{"line":225,"column":4},"end":{"line":225,"column":70}},"13":{"start":{"line":226,"column":4},"end":{"line":226,"column":7455}},"14":{"start":{"line":227,"column":6},"end":{"line":227,"column":13}},"15":{"start":{"line":229,"column":4},"end":{"line":229,"column":23}},"16":{"start":{"line":240,"column":4},"end":{"line":240,"column":74}},"17":{"start":{"line":241,"column":4},"end":{"line":241,"column":21}},"18":{"start":{"line":242,"column":4},"end":{"line":242,"column":11}},"19":{"start":{"line":243,"column":4},"end":{"line":243,"column":23}},"20":{"start":{"line":257,"column":4},"end":{"line":257,"column":45}},"21":{"start":{"line":258,"column":4},"end":{"line":258,"column":37}},"22":{"start":{"line":260,"column":4},"end":{"line":260,"column":92}},"23":{"start":{"line":263,"column":4},"end":{"line":263,"column":41}},"24":{"start":{"line":264,"column":4},"end":{"line":264,"column":67}},"25":{"start":{"line":267,"column":4},"end":{"line":267,"column":92}},"26":{"start":{"line":270,"column":4},"end":{"line":270,"column":53}},"27":{"start":{"line":273,"column":4},"end":{"line":273,"column":63}},"28":{"start":{"line":276,"column":4},"end":{"line":276,"column":73}},"29":{"start":{"line":279,"column":4},"end":{"line":279,"column":48}},"30":{"start":{"line":282,"column":4},"end":{"line":282,"column":9941}},"31":{"start":{"line":284,"column":6},"end":{"line":284,"column":73}},"32":{"start":{"line":287,"column":6},"end":{"line":287,"column":51}},"33":{"start":{"line":290,"column":6},"end":{"line":290,"column":41}},"34":{"start":{"line":293,"column":6},"end":{"line":293,"column":49}},"35":{"start":{"line":299,"column":4},"end":{"line":299,"column":10462}},"36":{"start":{"line":314,"column":4},"end":{"line":314,"column":76}},"37":{"start":{"line":315,"column":4},"end":{"line":315,"column":117}},"38":{"start":{"line":316,"column":4},"end":{"line":316,"column":51}},"39":{"start":{"line":326,"column":4},"end":{"line":326,"column":81}},"40":{"start":{"line":329,"column":4},"end":{"line":329,"column":20}},"41":{"start":{"line":331,"column":4},"end":{"line":331,"column":50}},"42":{"start":{"line":342,"column":4},"end":{"line":342,"column":59}},"43":{"start":{"line":345,"column":4},"end":{"line":345,"column":41}},"44":{"start":{"line":348,"column":4},"end":{"line":348,"column":20}},"45":{"start":{"line":350,"column":4},"end":{"line":350,"column":39}},"46":{"start":{"line":358,"column":4},"end":{"line":358,"column":55}},"47":{"start":{"line":361,"column":4},"end":{"line":361,"column":93}},"48":{"start":{"line":364,"column":4},"end":{"line":364,"column":51}},"49":{"start":{"line":367,"column":4},"end":{"line":367,"column":93}},"50":{"start":{"line":368,"column":4},"end":{"line":368,"column":70}},"51":{"start":{"line":376,"column":4},"end":{"line":376,"column":92}},"52":{"start":{"line":379,"column":4},"end":{"line":379,"column":81}},"53":{"start":{"line":381,"column":4},"end":{"line":381,"column":21}},"54":{"start":{"line":388,"column":4},"end":{"line":388,"column":69}},"55":{"start":{"line":391,"column":4},"end":{"line":391,"column":39}},"56":{"start":{"line":392,"column":4},"end":{"line":392,"column":27}},"57":{"start":{"line":395,"column":4},"end":{"line":395,"column":42}},"58":{"start":{"line":397,"column":4},"end":{"line":397,"column":21}},"59":{"start":{"line":404,"column":4},"end":{"line":404,"column":58}},"60":{"start":{"line":407,"column":4},"end":{"line":407,"column":51}},"61":{"start":{"line":410,"column":4},"end":{"line":410,"column":83}},"62":{"start":{"line":411,"column":4},"end":{"line":411,"column":80}},"63":{"start":{"line":413,"column":4},"end":{"line":413,"column":39}},"64":{"start":{"line":421,"column":4},"end":{"line":421,"column":34}},"65":{"start":{"line":429,"column":4},"end":{"line":429,"column":15231}},"66":{"start":{"line":430,"column":6},"end":{"line":430,"column":43}},"67":{"start":{"line":432,"column":6},"end":{"line":432,"column":14}},"68":{"start":{"line":451,"column":4},"end":{"line":451,"column":38}},"69":{"start":{"line":452,"column":4},"end":{"line":452,"column":33}},"70":{"start":{"line":453,"column":4},"end":{"line":453,"column":39}},"71":{"start":{"line":454,"column":4},"end":{"line":454,"column":33}},"72":{"start":{"line":455,"column":4},"end":{"line":455,"column":31}},"73":{"start":{"line":464,"column":4},"end":{"line":464,"column":46}},"74":{"start":{"line":473,"column":4},"end":{"line":473,"column":64}},"75":{"start":{"line":482,"column":4},"end":{"line":482,"column":26}},"76":{"start":{"line":491,"column":4},"end":{"line":491,"column":37}},"77":{"start":{"line":500,"column":4},"end":{"line":500,"column":46}},"78":{"start":{"line":508,"column":4},"end":{"line":508,"column":36}},"79":{"start":{"line":517,"column":4},"end":{"line":517,"column":44}},"80":{"start":{"line":525,"column":4},"end":{"line":525,"column":38}},"81":{"start":{"line":536,"column":4},"end":{"line":536,"column":36}},"82":{"start":{"line":540,"column":4},"end":{"line":540,"column":60}},"83":{"start":{"line":541,"column":4},"end":{"line":541,"column":81}},"84":{"start":{"line":542,"column":4},"end":{"line":542,"column":33}},"85":{"start":{"line":544,"column":4},"end":{"line":544,"column":45}},"86":{"start":{"line":553,"column":4},"end":{"line":553,"column":42}},"87":{"start":{"line":557,"column":4},"end":{"line":557,"column":69}},"88":{"start":{"line":558,"column":4},"end":{"line":558,"column":39}},"89":{"start":{"line":560,"column":4},"end":{"line":560,"column":51}},"90":{"start":{"line":570,"column":4},"end":{"line":570,"column":20}},"91":{"start":{"line":579,"column":4},"end":{"line":579,"column":29}},"92":{"start":{"line":583,"column":4},"end":{"line":583,"column":21}},"93":{"start":{"line":585,"column":4},"end":{"line":585,"column":27}},"94":{"start":{"line":594,"column":4},"end":{"line":594,"column":54}},"95":{"start":{"line":595,"column":4},"end":{"line":595,"column":24}},"96":{"start":{"line":597,"column":4},"end":{"line":597,"column":29}},"97":{"start":{"line":605,"column":4},"end":{"line":605,"column":38}},"98":{"start":{"line":613,"column":4},"end":{"line":613,"column":52}},"99":{"start":{"line":617,"column":4},"end":{"line":617,"column":54}},"100":{"start":{"line":622,"column":4},"end":{"line":622,"column":61}}},"branchMap":{"1":{"line":186,"type":"if","locations":[{"start":{"line":186,"column":4},"end":{"line":186,"column":4}},{"start":{"line":186,"column":4},"end":{"line":186,"column":4}}]},"2":{"line":187,"type":"if","locations":[{"start":{"line":187,"column":4},"end":{"line":187,"column":4}},{"start":{"line":187,"column":4},"end":{"line":187,"column":4}}]},"3":{"line":225,"type":"if","locations":[{"start":{"line":225,"column":4},"end":{"line":225,"column":4}},{"start":{"line":225,"column":4},"end":{"line":225,"column":4}}]},"4":{"line":226,"type":"if","locations":[{"start":{"line":226,"column":4},"end":{"line":226,"column":4}},{"start":{"line":226,"column":4},"end":{"line":226,"column":4}}]},"5":{"line":240,"type":"if","locations":[{"start":{"line":240,"column":4},"end":{"line":240,"column":4}},{"start":{"line":240,"column":4},"end":{"line":240,"column":4}}]},"6":{"line":260,"type":"if","locations":[{"start":{"line":260,"column":4},"end":{"line":260,"column":4}},{"start":{"line":260,"column":4},"end":{"line":260,"column":4}}]},"7":{"line":282,"type":"if","locations":[{"start":{"line":282,"column":4},"end":{"line":282,"column":4}},{"start":{"line":282,"column":4},"end":{"line":282,"column":4}}]},"8":{"line":358,"type":"if","locations":[{"start":{"line":358,"column":4},"end":{"line":358,"column":4}},{"start":{"line":358,"column":4},"end":{"line":358,"column":4}}]},"9":{"line":361,"type":"if","locations":[{"start":{"line":361,"column":4},"end":{"line":361,"column":4}},{"start":{"line":361,"column":4},"end":{"line":361,"column":4}}]},"10":{"line":367,"type":"if","locations":[{"start":{"line":367,"column":4},"end":{"line":367,"column":4}},{"start":{"line":367,"column":4},"end":{"line":367,"column":4}}]},"11":{"line":368,"type":"if","locations":[{"start":{"line":368,"column":4},"end":{"line":368,"column":4}},{"start":{"line":368,"column":4},"end":{"line":368,"column":4}}]},"12":{"line":376,"type":"if","locations":[{"start":{"line":376,"column":4},"end":{"line":376,"column":4}},{"start":{"line":376,"column":4},"end":{"line":376,"column":4}}]},"13":{"line":388,"type":"if","locations":[{"start":{"line":388,"column":4},"end":{"line":388,"column":4}},{"start":{"line":388,"column":4},"end":{"line":388,"column":4}}]},"14":{"line":404,"type":"if","locations":[{"start":{"line":404,"column":4},"end":{"line":404,"column":4}},{"start":{"line":404,"column":4},"end":{"line":404,"column":4}}]},"15":{"line":410,"type":"if","locations":[{"start":{"line":410,"column":4},"end":{"line":410,"column":4}},{"start":{"line":410,"column":4},"end":{"line":410,"column":4}}]},"16":{"line":411,"type":"if","locations":[{"start":{"line":411,"column":4},"end":{"line":411,"column":4}},{"start":{"line":411,"column":4},"end":{"line":411,"column":4}}]},"17":{"line":429,"type":"if","locations":[{"start":{"line":429,"column":4},"end":{"line":429,"column":4}},{"start":{"line":429,"column":4},"end":{"line":429,"column":4}}]},"18":{"line":540,"type":"if","locations":[{"start":{"line":540,"column":4},"end":{"line":540,"column":4}},{"start":{"line":540,"column":4},"end":{"line":540,"column":4}}]},"19":{"line":541,"type":"if","locations":[{"start":{"line":541,"column":4},"end":{"line":541,"column":4}},{"start":{"line":541,"column":4},"end":{"line":541,"column":4}}]},"20":{"line":557,"type":"if","locations":[{"start":{"line":557,"column":4},"end":{"line":557,"column":4}},{"start":{"line":557,"column":4},"end":{"line":557,"column":4}}]},"21":{"line":594,"type":"if","locations":[{"start":{"line":594,"column":4},"end":{"line":594,"column":4}},{"start":{"line":594,"column":4},"end":{"line":594,"column":4}}]},"22":{"line":617,"type":"if","locations":[{"start":{"line":617,"column":4},"end":{"line":617,"column":4}},{"start":{"line":617,"column":4},"end":{"line":617,"column":4}}]},"23":{"line":622,"type":"if","locations":[{"start":{"line":622,"column":4},"end":{"line":622,"column":4}},{"start":{"line":622,"column":4},"end":{"line":622,"column":4}}]}}},"contracts/Token.sol":{"l":{},"path":"/Users/brendan/workspace/pooltogether-contracts/contracts/Token.sol","s":{},"b":{},"f":{},"fnMap":{},"statementMap":{},"branchMap":{}},"contracts/UniformRandomNumber.sol":{"l":{"13":11,"14":3,"16":8,"17":8,"18":8,"19":9,"20":8,"22":1,"24":8},"path":"/Users/brendan/workspace/pooltogether-contracts/contracts/UniformRandomNumber.sol","s":{"1":11,"2":3,"3":8,"4":8,"5":8,"6":9,"7":1,"8":8},"b":{"1":[3,8],"2":[8,1]},"f":{"1":11},"fnMap":{"1":{"name":"uniform","line":12,"loc":{"start":{"line":12,"column":2},"end":{"line":12,"column":89}}}},"statementMap":{"1":{"start":{"line":13,"column":4},"end":{"line":13,"column":563}},"2":{"start":{"line":14,"column":6},"end":{"line":14,"column":14}},"3":{"start":{"line":16,"column":4},"end":{"line":16,"column":44}},"4":{"start":{"line":17,"column":4},"end":{"line":17,"column":29}},"5":{"start":{"line":18,"column":4},"end":{"line":18,"column":690}},"6":{"start":{"line":19,"column":6},"end":{"line":19,"column":713}},"7":{"start":{"line":22,"column":6},"end":{"line":22,"column":58}},"8":{"start":{"line":24,"column":4},"end":{"line":24,"column":31}}},"branchMap":{"1":{"line":13,"type":"if","locations":[{"start":{"line":13,"column":4},"end":{"line":13,"column":4}},{"start":{"line":13,"column":4},"end":{"line":13,"column":4}}]},"2":{"line":19,"type":"if","locations":[{"start":{"line":19,"column":6},"end":{"line":19,"column":6}},{"start":{"line":19,"column":6},"end":{"line":19,"column":6}}]}}}}