{"contracts/compound/CErc20Mock.sol":{"l":{"13":25,"14":25,"15":25,"19":15,"20":15,"21":15,"25":0,"29":6,"30":6,"31":6,"35":6,"39":9,"43":3,"47":0},"path":"/Users/brendan/workspace/pooltogether-contracts/contracts/compound/CErc20Mock.sol","s":{"1":25,"2":25,"3":25,"4":15,"5":15,"6":15,"7":0,"8":6,"9":6,"10":6,"11":6,"12":9,"13":3,"14":0},"b":{"1":[25,0],"2":[15,0],"3":[6,0],"4":[6,0]},"f":{"1":25,"2":15,"3":0,"4":6,"5":6,"6":9,"7":3,"8":0},"fnMap":{"1":{"name":"initialize","line":12,"loc":{"start":{"line":12,"column":2},"end":{"line":12,"column":86}}},"2":{"name":"mint","line":18,"loc":{"start":{"line":18,"column":2},"end":{"line":18,"column":52}}},"3":{"name":"getCash","line":24,"loc":{"start":{"line":24,"column":2},"end":{"line":24,"column":49}}},"4":{"name":"redeemUnderlying","line":28,"loc":{"start":{"line":28,"column":2},"end":{"line":28,"column":73}}},"5":{"name":"reward","line":34,"loc":{"start":{"line":34,"column":2},"end":{"line":34,"column":43}}},"6":{"name":"balanceOfUnderlying","line":38,"loc":{"start":{"line":38,"column":2},"end":{"line":38,"column":71}}},"7":{"name":"supplyRatePerBlock","line":42,"loc":{"start":{"line":42,"column":2},"end":{"line":42,"column":60}}},"8":{"name":"setSupplyRateMantissa","line":46,"loc":{"start":{"line":46,"column":2},"end":{"line":46,"column":70}}}},"statementMap":{"1":{"start":{"line":13,"column":4},"end":{"line":13,"column":56}},"2":{"start":{"line":14,"column":4},"end":{"line":14,"column":22}},"3":{"start":{"line":15,"column":4},"end":{"line":15,"column":45}},"4":{"start":{"line":19,"column":4},"end":{"line":19,"column":73}},"5":{"start":{"line":20,"column":4},"end":{"line":20,"column":107}},"6":{"start":{"line":21,"column":4},"end":{"line":21,"column":12}},"7":{"start":{"line":25,"column":4},"end":{"line":25,"column":54}},"8":{"start":{"line":29,"column":4},"end":{"line":29,"column":78}},"9":{"start":{"line":30,"column":4},"end":{"line":30,"column":82}},"10":{"start":{"line":31,"column":4},"end":{"line":31,"column":97}},"11":{"start":{"line":35,"column":4},"end":{"line":35,"column":72}},"12":{"start":{"line":39,"column":4},"end":{"line":39,"column":37}},"13":{"start":{"line":43,"column":4},"end":{"line":43,"column":31}},"14":{"start":{"line":47,"column":4},"end":{"line":47,"column":45}}},"branchMap":{"1":{"line":13,"type":"if","locations":[{"start":{"line":13,"column":4},"end":{"line":13,"column":4}},{"start":{"line":13,"column":4},"end":{"line":13,"column":4}}]},"2":{"line":20,"type":"if","locations":[{"start":{"line":20,"column":4},"end":{"line":20,"column":4}},{"start":{"line":20,"column":4},"end":{"line":20,"column":4}}]},"3":{"line":29,"type":"if","locations":[{"start":{"line":29,"column":4},"end":{"line":29,"column":4}},{"start":{"line":29,"column":4},"end":{"line":29,"column":4}}]},"4":{"line":31,"type":"if","locations":[{"start":{"line":31,"column":4},"end":{"line":31,"column":4}},{"start":{"line":31,"column":4},"end":{"line":31,"column":4}}]}}},"contracts/compound/ICErc20.sol":{"l":{},"path":"/Users/brendan/workspace/pooltogether-contracts/contracts/compound/ICErc20.sol","s":{},"b":{},"f":{},"fnMap":{},"statementMap":{},"branchMap":{}},"contracts/DrawManager.sol":{"l":{"32":73,"33":43,"35":30,"36":30,"37":30,"40":73,"41":73,"42":73,"43":73,"48":73,"52":67,"53":67,"56":67,"57":67,"58":67,"60":67,"61":67,"64":67,"65":50,"69":14,"71":13,"75":1,"76":1,"77":1,"78":1,"79":1,"85":10,"86":10,"87":10,"89":10,"90":10,"91":10,"93":10,"94":10,"95":10,"98":10,"99":5,"100":5,"103":10,"105":10,"108":10,"109":9,"110":9,"111":4,"114":1,"115":1,"120":6,"124":16,"126":16,"127":16,"129":16,"130":11,"133":16,"134":3,"137":16,"141":17,"142":1,"144":16,"149":5,"150":4,"152":1,"157":83,"158":83,"159":83,"160":83,"161":83,"162":83,"163":83,"164":15,"165":15,"166":15,"167":12,"168":12,"171":68,"172":68,"173":68,"174":1,"175":1,"183":24,"184":4,"186":20,"187":18,"188":18,"189":18,"190":18,"191":18,"192":18,"196":9,"200":79,"201":77},"path":"/Users/brendan/workspace/pooltogether-contracts/contracts/DrawManager.sol","s":{"1":73,"2":43,"3":30,"4":30,"5":30,"6":73,"7":73,"8":73,"9":73,"10":73,"11":67,"12":67,"13":67,"14":67,"15":67,"16":67,"17":67,"18":67,"19":50,"20":17,"21":14,"22":13,"23":1,"24":1,"25":1,"26":1,"27":1,"28":1,"29":10,"30":10,"31":10,"32":10,"33":10,"34":10,"35":10,"36":10,"37":10,"38":10,"39":5,"40":5,"41":10,"42":10,"43":10,"44":9,"45":9,"46":4,"47":1,"48":1,"49":1,"50":6,"51":16,"52":16,"53":16,"54":16,"55":11,"56":16,"57":3,"58":16,"59":17,"60":1,"61":16,"62":5,"63":4,"64":1,"65":83,"66":83,"67":83,"68":83,"69":83,"70":83,"71":83,"72":15,"73":15,"74":15,"75":12,"76":12,"77":68,"78":68,"79":68,"80":1,"81":1,"82":24,"83":4,"84":20,"85":18,"86":18,"87":18,"88":18,"89":18,"90":18,"91":9,"92":79},"b":{"1":[43,30],"2":[50,17],"3":[14,3],"4":[13,1],"5":[1,0],"6":[10,0],"7":[5,5],"8":[10,0],"9":[9,1],"10":[4,5],"11":[1,0],"12":[11,5],"13":[3,13],"14":[1,16],"15":[4,1],"16":[83,0],"17":[15,68],"18":[12,3],"19":[1,67],"20":[4,20],"21":[18,2],"22":[18,0],"23":[18,0],"24":[77,2]},"f":{"1":73,"2":67,"3":10,"4":6,"5":16,"6":17,"7":5,"8":83,"9":24,"10":9,"11":79},"fnMap":{"1":{"name":"openNextDraw","line":30,"loc":{"start":{"line":30,"column":4},"end":{"line":30,"column":77}}},"2":{"name":"deposit","line":51,"loc":{"start":{"line":51,"column":4},"end":{"line":51,"column":111}}},"3":{"name":"withdraw","line":84,"loc":{"start":{"line":84,"column":4},"end":{"line":84,"column":112}}},"4":{"name":"balanceOf","line":119,"loc":{"start":{"line":119,"column":4},"end":{"line":119,"column":93}}},"5":{"name":"eligibleBalanceOf","line":123,"loc":{"start":{"line":123,"column":4},"end":{"line":123,"column":101}}},"6":{"name":"openBalanceOf","line":140,"loc":{"start":{"line":140,"column":4},"end":{"line":140,"column":97}}},"7":{"name":"openSupply","line":148,"loc":{"start":{"line":148,"column":4},"end":{"line":148,"column":80}}},"8":{"name":"drawSet","line":156,"loc":{"start":{"line":156,"column":4},"end":{"line":156,"column":105}}},"9":{"name":"draw","line":181,"loc":{"start":{"line":181,"column":4},"end":{"line":181,"column":89}}},"10":{"name":"drawWithEntropy","line":195,"loc":{"start":{"line":195,"column":4},"end":{"line":195,"column":102}}},"11":{"name":"requireOpenDraw","line":199,"loc":{"start":{"line":199,"column":4},"end":{"line":199,"column":55}}}},"statementMap":{"1":{"start":{"line":32,"column":8},"end":{"line":32,"column":1064}},"2":{"start":{"line":33,"column":12},"end":{"line":33,"column":67}},"3":{"start":{"line":35,"column":12},"end":{"line":35,"column":72}},"4":{"start":{"line":36,"column":12},"end":{"line":36,"column":90}},"5":{"start":{"line":37,"column":12},"end":{"line":37,"column":78}},"6":{"start":{"line":40,"column":8},"end":{"line":40,"column":58}},"7":{"start":{"line":41,"column":8},"end":{"line":41,"column":68}},"8":{"start":{"line":42,"column":8},"end":{"line":42,"column":42}},"9":{"start":{"line":43,"column":8},"end":{"line":43,"column":1710}},"10":{"start":{"line":48,"column":8},"end":{"line":48,"column":24}},"11":{"start":{"line":52,"column":8},"end":{"line":52,"column":47}},"12":{"start":{"line":53,"column":8},"end":{"line":53,"column":55}},"13":{"start":{"line":56,"column":8},"end":{"line":56,"column":99}},"14":{"start":{"line":57,"column":8},"end":{"line":57,"column":48}},"15":{"start":{"line":58,"column":8},"end":{"line":58,"column":61}},"16":{"start":{"line":60,"column":8},"end":{"line":60,"column":68}},"17":{"start":{"line":61,"column":8},"end":{"line":61,"column":70}},"18":{"start":{"line":64,"column":8},"end":{"line":64,"column":2504}},"19":{"start":{"line":65,"column":12},"end":{"line":65,"column":62}},"20":{"start":{"line":67,"column":15},"end":{"line":67,"column":2668}},"21":{"start":{"line":69,"column":12},"end":{"line":69,"column":2770}},"22":{"start":{"line":71,"column":16},"end":{"line":71,"column":67}},"23":{"start":{"line":73,"column":19},"end":{"line":73,"column":3022}},"24":{"start":{"line":75,"column":16},"end":{"line":75,"column":106}},"25":{"start":{"line":76,"column":16},"end":{"line":76,"column":108}},"26":{"start":{"line":77,"column":16},"end":{"line":77,"column":86}},"27":{"start":{"line":78,"column":16},"end":{"line":78,"column":59}},"28":{"start":{"line":79,"column":16},"end":{"line":79,"column":67}},"29":{"start":{"line":85,"column":8},"end":{"line":85,"column":47}},"30":{"start":{"line":86,"column":8},"end":{"line":86,"column":68}},"31":{"start":{"line":87,"column":8},"end":{"line":87,"column":70}},"32":{"start":{"line":89,"column":8},"end":{"line":89,"column":27}},"33":{"start":{"line":90,"column":8},"end":{"line":90,"column":28}},"34":{"start":{"line":91,"column":8},"end":{"line":91,"column":21}},"35":{"start":{"line":93,"column":8},"end":{"line":93,"column":4022}},"36":{"start":{"line":94,"column":12},"end":{"line":94,"column":93}},"37":{"start":{"line":95,"column":12},"end":{"line":95,"column":41}},"38":{"start":{"line":98,"column":8},"end":{"line":98,"column":4208}},"39":{"start":{"line":99,"column":12},"end":{"line":99,"column":95}},"40":{"start":{"line":100,"column":12},"end":{"line":100,"column":42}},"41":{"start":{"line":103,"column":8},"end":{"line":103,"column":70}},"42":{"start":{"line":105,"column":8},"end":{"line":105,"column":45}},"43":{"start":{"line":108,"column":8},"end":{"line":108,"column":4569}},"44":{"start":{"line":109,"column":12},"end":{"line":109,"column":62}},"45":{"start":{"line":110,"column":12},"end":{"line":110,"column":4681}},"46":{"start":{"line":111,"column":16},"end":{"line":111,"column":59}},"47":{"start":{"line":113,"column":15},"end":{"line":113,"column":4796}},"48":{"start":{"line":114,"column":12},"end":{"line":114,"column":64}},"49":{"start":{"line":115,"column":12},"end":{"line":115,"column":69}},"50":{"start":{"line":120,"column":8},"end":{"line":120,"column":85}},"51":{"start":{"line":124,"column":8},"end":{"line":124,"column":27}},"52":{"start":{"line":126,"column":8},"end":{"line":126,"column":68}},"53":{"start":{"line":127,"column":8},"end":{"line":127,"column":70}},"54":{"start":{"line":129,"column":8},"end":{"line":129,"column":5485}},"55":{"start":{"line":130,"column":12},"end":{"line":130,"column":118}},"56":{"start":{"line":133,"column":8},"end":{"line":133,"column":5697}},"57":{"start":{"line":134,"column":12},"end":{"line":134,"column":119}},"58":{"start":{"line":137,"column":8},"end":{"line":137,"column":22}},"59":{"start":{"line":141,"column":8},"end":{"line":141,"column":6045}},"60":{"start":{"line":142,"column":12},"end":{"line":142,"column":20}},"61":{"start":{"line":144,"column":12},"end":{"line":144,"column":112}},"62":{"start":{"line":149,"column":8},"end":{"line":149,"column":6344}},"63":{"start":{"line":150,"column":12},"end":{"line":150,"column":65}},"64":{"start":{"line":152,"column":12},"end":{"line":152,"column":20}},"65":{"start":{"line":157,"column":8},"end":{"line":157,"column":43}},"66":{"start":{"line":158,"column":8},"end":{"line":158,"column":47}},"67":{"start":{"line":159,"column":8},"end":{"line":159,"column":79}},"68":{"start":{"line":160,"column":8},"end":{"line":160,"column":6795}},"69":{"start":{"line":161,"column":12},"end":{"line":161,"column":66}},"70":{"start":{"line":162,"column":12},"end":{"line":162,"column":58}},"71":{"start":{"line":163,"column":12},"end":{"line":163,"column":6967}},"72":{"start":{"line":164,"column":16},"end":{"line":164,"column":58}},"73":{"start":{"line":165,"column":16},"end":{"line":165,"column":54}},"74":{"start":{"line":166,"column":16},"end":{"line":166,"column":7130}},"75":{"start":{"line":167,"column":20},"end":{"line":167,"column":85}},"76":{"start":{"line":168,"column":20},"end":{"line":168,"column":86}},"77":{"start":{"line":171,"column":16},"end":{"line":171,"column":58}},"78":{"start":{"line":172,"column":16},"end":{"line":172,"column":54}},"79":{"start":{"line":173,"column":16},"end":{"line":173,"column":7545}},"80":{"start":{"line":174,"column":20},"end":{"line":174,"column":85}},"81":{"start":{"line":175,"column":20},"end":{"line":175,"column":86}},"82":{"start":{"line":183,"column":8},"end":{"line":183,"column":7979}},"83":{"start":{"line":184,"column":12},"end":{"line":184,"column":29}},"84":{"start":{"line":186,"column":8},"end":{"line":186,"column":87}},"85":{"start":{"line":187,"column":8},"end":{"line":187,"column":91}},"86":{"start":{"line":188,"column":8},"end":{"line":188,"column":46}},"87":{"start":{"line":189,"column":8},"end":{"line":189,"column":61}},"88":{"start":{"line":190,"column":8},"end":{"line":190,"column":54}},"89":{"start":{"line":191,"column":8},"end":{"line":191,"column":68}},"90":{"start":{"line":192,"column":8},"end":{"line":192,"column":96}},"91":{"start":{"line":196,"column":8},"end":{"line":196,"column":103}},"92":{"start":{"line":200,"column":8},"end":{"line":200,"column":68}}},"branchMap":{"1":{"line":32,"type":"if","locations":[{"start":{"line":32,"column":8},"end":{"line":32,"column":8}},{"start":{"line":32,"column":8},"end":{"line":32,"column":8}}]},"2":{"line":64,"type":"if","locations":[{"start":{"line":64,"column":8},"end":{"line":64,"column":8}},{"start":{"line":64,"column":8},"end":{"line":64,"column":8}}]},"3":{"line":67,"type":"if","locations":[{"start":{"line":67,"column":15},"end":{"line":67,"column":15}},{"start":{"line":67,"column":15},"end":{"line":67,"column":15}}]},"4":{"line":69,"type":"if","locations":[{"start":{"line":69,"column":12},"end":{"line":69,"column":12}},{"start":{"line":69,"column":12},"end":{"line":69,"column":12}}]},"5":{"line":73,"type":"if","locations":[{"start":{"line":73,"column":19},"end":{"line":73,"column":19}},{"start":{"line":73,"column":19},"end":{"line":73,"column":19}}]},"6":{"line":93,"type":"if","locations":[{"start":{"line":93,"column":8},"end":{"line":93,"column":8}},{"start":{"line":93,"column":8},"end":{"line":93,"column":8}}]},"7":{"line":98,"type":"if","locations":[{"start":{"line":98,"column":8},"end":{"line":98,"column":8}},{"start":{"line":98,"column":8},"end":{"line":98,"column":8}}]},"8":{"line":103,"type":"if","locations":[{"start":{"line":103,"column":8},"end":{"line":103,"column":8}},{"start":{"line":103,"column":8},"end":{"line":103,"column":8}}]},"9":{"line":108,"type":"if","locations":[{"start":{"line":108,"column":8},"end":{"line":108,"column":8}},{"start":{"line":108,"column":8},"end":{"line":108,"column":8}}]},"10":{"line":110,"type":"if","locations":[{"start":{"line":110,"column":12},"end":{"line":110,"column":12}},{"start":{"line":110,"column":12},"end":{"line":110,"column":12}}]},"11":{"line":113,"type":"if","locations":[{"start":{"line":113,"column":15},"end":{"line":113,"column":15}},{"start":{"line":113,"column":15},"end":{"line":113,"column":15}}]},"12":{"line":129,"type":"if","locations":[{"start":{"line":129,"column":8},"end":{"line":129,"column":8}},{"start":{"line":129,"column":8},"end":{"line":129,"column":8}}]},"13":{"line":133,"type":"if","locations":[{"start":{"line":133,"column":8},"end":{"line":133,"column":8}},{"start":{"line":133,"column":8},"end":{"line":133,"column":8}}]},"14":{"line":141,"type":"if","locations":[{"start":{"line":141,"column":8},"end":{"line":141,"column":8}},{"start":{"line":141,"column":8},"end":{"line":141,"column":8}}]},"15":{"line":149,"type":"if","locations":[{"start":{"line":149,"column":8},"end":{"line":149,"column":8}},{"start":{"line":149,"column":8},"end":{"line":149,"column":8}}]},"16":{"line":160,"type":"if","locations":[{"start":{"line":160,"column":8},"end":{"line":160,"column":8}},{"start":{"line":160,"column":8},"end":{"line":160,"column":8}}]},"17":{"line":163,"type":"if","locations":[{"start":{"line":163,"column":12},"end":{"line":163,"column":12}},{"start":{"line":163,"column":12},"end":{"line":163,"column":12}}]},"18":{"line":166,"type":"if","locations":[{"start":{"line":166,"column":16},"end":{"line":166,"column":16}},{"start":{"line":166,"column":16},"end":{"line":166,"column":16}}]},"19":{"line":173,"type":"if","locations":[{"start":{"line":173,"column":16},"end":{"line":173,"column":16}},{"start":{"line":173,"column":16},"end":{"line":173,"column":16}}]},"20":{"line":183,"type":"if","locations":[{"start":{"line":183,"column":8},"end":{"line":183,"column":8}},{"start":{"line":183,"column":8},"end":{"line":183,"column":8}}]},"21":{"line":186,"type":"if","locations":[{"start":{"line":186,"column":8},"end":{"line":186,"column":8}},{"start":{"line":186,"column":8},"end":{"line":186,"column":8}}]},"22":{"line":188,"type":"if","locations":[{"start":{"line":188,"column":8},"end":{"line":188,"column":8}},{"start":{"line":188,"column":8},"end":{"line":188,"column":8}}]},"23":{"line":190,"type":"if","locations":[{"start":{"line":190,"column":8},"end":{"line":190,"column":8}},{"start":{"line":190,"column":8},"end":{"line":190,"column":8}}]},"24":{"line":200,"type":"if","locations":[{"start":{"line":200,"column":8},"end":{"line":200,"column":8}},{"start":{"line":200,"column":8},"end":{"line":200,"column":8}}]}}},"contracts/ExposedDrawManager.sol":{"l":{"11":33,"15":48,"19":5,"23":1,"27":8,"31":11,"35":5,"39":5,"43":3,"47":15,"51":5,"55":2,"59":2},"path":"/Users/brendan/workspace/pooltogether-contracts/contracts/ExposedDrawManager.sol","s":{"1":33,"2":48,"3":5,"4":1,"5":8,"6":11,"7":5,"8":5,"9":3,"10":15,"11":5,"12":2,"13":2},"b":{},"f":{"1":33,"2":48,"3":5,"4":1,"5":8,"6":11,"7":5,"8":5,"9":3,"10":15,"11":5,"12":2,"13":2},"fnMap":{"1":{"name":"openNextDraw","line":10,"loc":{"start":{"line":10,"column":4},"end":{"line":10,"column":32}}},"2":{"name":"deposit","line":14,"loc":{"start":{"line":14,"column":4},"end":{"line":14,"column":55}}},"3":{"name":"withdraw","line":18,"loc":{"start":{"line":18,"column":4},"end":{"line":18,"column":56}}},"4":{"name":"balanceOf","line":22,"loc":{"start":{"line":22,"column":4},"end":{"line":22,"column":64}}},"5":{"name":"eligibleBalanceOf","line":26,"loc":{"start":{"line":26,"column":4},"end":{"line":26,"column":72}}},"6":{"name":"openBalanceOf","line":30,"loc":{"start":{"line":30,"column":4},"end":{"line":30,"column":68}}},"7":{"name":"eligibleSupply","line":34,"loc":{"start":{"line":34,"column":4},"end":{"line":34,"column":57}}},"8":{"name":"openSupply","line":38,"loc":{"start":{"line":38,"column":4},"end":{"line":38,"column":53}}},"9":{"name":"openDrawIndex","line":42,"loc":{"start":{"line":42,"column":4},"end":{"line":42,"column":56}}},"10":{"name":"draw","line":46,"loc":{"start":{"line":46,"column":4},"end":{"line":46,"column":60}}},"11":{"name":"firstDrawIndex","line":50,"loc":{"start":{"line":50,"column":4},"end":{"line":50,"column":69}}},"12":{"name":"secondDrawIndex","line":54,"loc":{"start":{"line":54,"column":4},"end":{"line":54,"column":70}}},"13":{"name":"drawWithEntropy","line":58,"loc":{"start":{"line":58,"column":4},"end":{"line":58,"column":73}}}},"statementMap":{"1":{"start":{"line":11,"column":6},"end":{"line":11,"column":29}},"2":{"start":{"line":15,"column":6},"end":{"line":15,"column":36}},"3":{"start":{"line":19,"column":6},"end":{"line":19,"column":37}},"4":{"start":{"line":23,"column":6},"end":{"line":23,"column":38}},"5":{"start":{"line":27,"column":6},"end":{"line":27,"column":46}},"6":{"start":{"line":31,"column":6},"end":{"line":31,"column":42}},"7":{"start":{"line":35,"column":6},"end":{"line":35,"column":37}},"8":{"start":{"line":39,"column":6},"end":{"line":39,"column":35}},"9":{"start":{"line":43,"column":6},"end":{"line":43,"column":36}},"10":{"start":{"line":47,"column":6},"end":{"line":47,"column":34}},"11":{"start":{"line":51,"column":8},"end":{"line":51,"column":50}},"12":{"start":{"line":55,"column":8},"end":{"line":55,"column":51}},"13":{"start":{"line":59,"column":8},"end":{"line":59,"column":49}}},"branchMap":{}},"contracts/ExposedUniformRandomNumber.sol":{"l":{"7":2},"path":"/Users/brendan/workspace/pooltogether-contracts/contracts/ExposedUniformRandomNumber.sol","s":{"1":2},"b":{},"f":{"1":2},"fnMap":{"1":{"name":"uniform","line":6,"loc":{"start":{"line":6,"column":2},"end":{"line":6,"column":87}}}},"statementMap":{"1":{"start":{"line":7,"column":4},"end":{"line":7,"column":61}}},"branchMap":{}},"contracts/IPool.sol":{"l":{},"path":"/Users/brendan/workspace/pooltogether-contracts/contracts/IPool.sol","s":{},"b":{},"f":{},"fnMap":{},"statementMap":{},"branchMap":{}},"contracts/Pool.sol":{"l":{"52":25,"53":25,"54":25,"55":25,"56":25,"57":25,"61":40,"62":40,"63":40,"72":15,"73":15,"90":33,"91":33,"92":8,"94":33,"98":7,"99":7,"100":7,"101":7,"110":7,"111":7,"113":7,"116":7,"117":7,"120":7,"123":7,"125":7,"128":7,"131":7,"133":7,"136":7,"138":6,"139":6,"142":6,"145":1,"149":7,"151":7,"161":7,"162":7,"163":7,"167":2,"170":2,"172":2,"180":15,"183":15,"186":15,"188":13,"192":17,"195":17,"198":15,"201":15,"202":15,"206":1,"209":1,"211":1,"220":5,"223":5,"224":5,"227":5,"228":5,"230":5,"234":6,"237":6,"240":6,"241":6,"243":6,"247":65,"251":59,"252":19,"254":40,"264":2,"265":2,"266":2,"267":2,"268":2,"276":2,"284":9,"292":2,"296":7,"300":1,"304":1,"312":2,"313":2,"321":3,"325":15,"326":11,"338":1,"342":26,"343":26,"344":26,"346":26,"350":1,"354":26,"355":26,"359":3,"363":2,"367":28,"369":28,"373":1,"374":1,"376":1,"380":49,"384":9,"388":54,"389":46,"393":17,"394":17},"path":"/Users/brendan/workspace/pooltogether-contracts/contracts/Pool.sol","s":{"1":25,"2":25,"3":25,"4":25,"5":25,"6":25,"7":40,"8":40,"9":40,"10":15,"11":15,"12":33,"13":33,"14":8,"15":33,"16":7,"17":7,"18":7,"19":7,"20":7,"21":7,"22":7,"23":7,"24":7,"25":7,"26":7,"27":7,"28":7,"29":7,"30":7,"31":7,"32":6,"33":6,"34":6,"35":1,"36":7,"37":7,"38":7,"39":7,"40":2,"41":2,"42":2,"43":15,"44":15,"45":15,"46":13,"47":17,"48":17,"49":15,"50":15,"51":15,"52":1,"53":1,"54":1,"55":5,"56":5,"57":5,"58":5,"59":5,"60":5,"61":6,"62":6,"63":6,"64":6,"65":6,"66":65,"67":59,"68":19,"69":40,"70":2,"71":2,"72":2,"73":2,"74":2,"75":2,"76":9,"77":2,"78":7,"79":1,"80":1,"81":2,"82":2,"83":3,"84":15,"85":11,"86":1,"87":26,"88":26,"89":26,"90":26,"91":1,"92":26,"93":26,"94":3,"95":2,"96":28,"97":28,"98":1,"99":1,"100":1,"101":49,"102":9,"103":54,"104":17},"b":{"1":[25,0],"2":[25,0],"3":[33,0],"4":[8,25],"5":[7,0],"6":[7,0],"7":[6,1],"8":[17,0],"9":[15,2],"10":[15,0],"11":[1,0],"12":[5,0],"13":[6,0],"14":[6,0],"15":[6,0],"16":[19,40],"17":[11,4],"18":[11,0],"19":[26,0],"20":[26,0],"21":[26,0],"22":[1,0],"23":[46,8],"24":[17,0]},"f":{"1":25,"2":40,"3":15,"4":33,"5":7,"6":7,"7":7,"8":2,"9":15,"10":17,"11":1,"12":5,"13":6,"14":65,"15":59,"16":2,"17":2,"18":9,"19":2,"20":7,"21":1,"22":1,"23":2,"24":3,"25":15,"26":1,"27":26,"28":1,"29":26,"30":3,"31":2,"32":28,"33":1,"34":49,"35":9,"36":54,"37":17},"fnMap":{"1":{"name":"init","line":46,"loc":{"start":{"line":46,"column":2},"end":{"line":51,"column":24}}},"2":{"name":"open","line":60,"loc":{"start":{"line":60,"column":2},"end":{"line":60,"column":45}}},"3":{"name":"commit","line":71,"loc":{"start":{"line":71,"column":2},"end":{"line":71,"column":28}}},"4":{"name":"openNextDraw","line":89,"loc":{"start":{"line":89,"column":2},"end":{"line":89,"column":64}}},"5":{"name":"rewardAndOpenNextDraw","line":97,"loc":{"start":{"line":97,"column":2},"end":{"line":97,"column":93}}},"6":{"name":"reward","line":109,"loc":{"start":{"line":109,"column":2},"end":{"line":109,"column":43}}},"7":{"name":"calculateFee","line":160,"loc":{"start":{"line":160,"column":2},"end":{"line":160,"column":99}}},"8":{"name":"depositSponsorship","line":166,"loc":{"start":{"line":166,"column":2},"end":{"line":166,"column":95}}},"9":{"name":"depositPool","line":178,"loc":{"start":{"line":178,"column":2},"end":{"line":178,"column":88}}},"10":{"name":"_deposit","line":191,"loc":{"start":{"line":191,"column":2},"end":{"line":191,"column":58}}},"11":{"name":"withdrawSponsorship","line":205,"loc":{"start":{"line":205,"column":2},"end":{"line":205,"column":66}}},"12":{"name":"withdrawPool","line":219,"loc":{"start":{"line":219,"column":2},"end":{"line":219,"column":45}}},"13":{"name":"_withdraw","line":233,"loc":{"start":{"line":233,"column":2},"end":{"line":233,"column":52}}},"14":{"name":"currentOpenDrawId","line":246,"loc":{"start":{"line":246,"column":2},"end":{"line":246,"column":60}}},"15":{"name":"currentCommittedDrawId","line":250,"loc":{"start":{"line":250,"column":2},"end":{"line":250,"column":65}}},"16":{"name":"getDraw","line":258,"loc":{"start":{"line":258,"column":2},"end":{"line":263,"column":5}}},"17":{"name":"eligibleBalanceOf","line":275,"loc":{"start":{"line":275,"column":2},"end":{"line":275,"column":73}}},"18":{"name":"balanceOf","line":283,"loc":{"start":{"line":283,"column":2},"end":{"line":283,"column":65}}},"19":{"name":"balanceOfSponsorship","line":291,"loc":{"start":{"line":291,"column":2},"end":{"line":291,"column":76}}},"20":{"name":"calculateWinner","line":295,"loc":{"start":{"line":295,"column":2},"end":{"line":295,"column":73}}},"21":{"name":"eligibleSupply","line":299,"loc":{"start":{"line":299,"column":2},"end":{"line":299,"column":57}}},"22":{"name":"estimatedInterestRate","line":303,"loc":{"start":{"line":303,"column":2},"end":{"line":303,"column":76}}},"23":{"name":"currentInterestFractionFixedPoint24","line":311,"loc":{"start":{"line":311,"column":2},"end":{"line":311,"column":97}}},"24":{"name":"supplyRatePerBlock","line":320,"loc":{"start":{"line":320,"column":2},"end":{"line":320,"column":61}}},"25":{"name":"ensureAllowance","line":324,"loc":{"start":{"line":324,"column":2},"end":{"line":324,"column":51}}},"26":{"name":"setNextFeeFraction","line":337,"loc":{"start":{"line":337,"column":2},"end":{"line":337,"column":72}}},"27":{"name":"_setNextFeeFraction","line":341,"loc":{"start":{"line":341,"column":2},"end":{"line":341,"column":65}}},"28":{"name":"setNextFeeBeneficiary","line":349,"loc":{"start":{"line":349,"column":2},"end":{"line":349,"column":71}}},"29":{"name":"_setNextFeeBeneficiary","line":353,"loc":{"start":{"line":353,"column":2},"end":{"line":353,"column":64}}},"30":{"name":"addAdmin","line":358,"loc":{"start":{"line":358,"column":2},"end":{"line":358,"column":52}}},"31":{"name":"isAdmin","line":362,"loc":{"start":{"line":362,"column":2},"end":{"line":362,"column":61}}},"32":{"name":"_addAdmin","line":366,"loc":{"start":{"line":366,"column":2},"end":{"line":366,"column":45}}},"33":{"name":"removeAdmin","line":372,"loc":{"start":{"line":372,"column":2},"end":{"line":372,"column":55}}},"34":{"name":"token","line":379,"loc":{"start":{"line":379,"column":2},"end":{"line":379,"column":49}}},"35":{"name":"balance","line":383,"loc":{"start":{"line":383,"column":2},"end":{"line":383,"column":45}}},"36":{"name":"onlyAdmin","line":387,"loc":{"start":{"line":387,"column":2},"end":{"line":387,"column":22}}},"37":{"name":"requireOpenDraw","line":392,"loc":{"start":{"line":392,"column":2},"end":{"line":392,"column":28}}}},"statementMap":{"1":{"start":{"line":52,"column":4},"end":{"line":52,"column":68}},"2":{"start":{"line":53,"column":4},"end":{"line":53,"column":65}},"3":{"start":{"line":54,"column":4},"end":{"line":54,"column":28}},"4":{"start":{"line":55,"column":4},"end":{"line":55,"column":20}},"5":{"start":{"line":56,"column":4},"end":{"line":56,"column":40}},"6":{"start":{"line":57,"column":4},"end":{"line":57,"column":39}},"7":{"start":{"line":61,"column":4},"end":{"line":61,"column":27}},"8":{"start":{"line":62,"column":4},"end":{"line":62,"column":104}},"9":{"start":{"line":63,"column":4},"end":{"line":63,"column":2982}},"10":{"start":{"line":72,"column":4},"end":{"line":72,"column":40}},"11":{"start":{"line":73,"column":4},"end":{"line":73,"column":26}},"12":{"start":{"line":90,"column":4},"end":{"line":90,"column":70}},"13":{"start":{"line":91,"column":4},"end":{"line":91,"column":3620}},"14":{"start":{"line":92,"column":6},"end":{"line":92,"column":13}},"15":{"start":{"line":94,"column":4},"end":{"line":94,"column":23}},"16":{"start":{"line":98,"column":4},"end":{"line":98,"column":74}},"17":{"start":{"line":99,"column":4},"end":{"line":99,"column":21}},"18":{"start":{"line":100,"column":4},"end":{"line":100,"column":11}},"19":{"start":{"line":101,"column":4},"end":{"line":101,"column":23}},"20":{"start":{"line":110,"column":4},"end":{"line":110,"column":45}},"21":{"start":{"line":111,"column":4},"end":{"line":111,"column":37}},"22":{"start":{"line":113,"column":4},"end":{"line":113,"column":92}},"23":{"start":{"line":116,"column":4},"end":{"line":116,"column":41}},"24":{"start":{"line":117,"column":4},"end":{"line":117,"column":67}},"25":{"start":{"line":120,"column":4},"end":{"line":120,"column":92}},"26":{"start":{"line":123,"column":4},"end":{"line":123,"column":53}},"27":{"start":{"line":125,"column":4},"end":{"line":125,"column":15}},"28":{"start":{"line":128,"column":4},"end":{"line":128,"column":54}},"29":{"start":{"line":131,"column":4},"end":{"line":131,"column":67}},"30":{"start":{"line":133,"column":4},"end":{"line":133,"column":45}},"31":{"start":{"line":136,"column":4},"end":{"line":136,"column":5089}},"32":{"start":{"line":138,"column":6},"end":{"line":138,"column":70}},"33":{"start":{"line":139,"column":6},"end":{"line":139,"column":48}},"34":{"start":{"line":142,"column":6},"end":{"line":142,"column":41}},"35":{"start":{"line":145,"column":6},"end":{"line":145,"column":49}},"36":{"start":{"line":151,"column":4},"end":{"line":151,"column":5598}},"37":{"start":{"line":161,"column":4},"end":{"line":161,"column":75}},"38":{"start":{"line":162,"column":4},"end":{"line":162,"column":116}},"39":{"start":{"line":163,"column":4},"end":{"line":163,"column":51}},"40":{"start":{"line":167,"column":4},"end":{"line":167,"column":94}},"41":{"start":{"line":170,"column":4},"end":{"line":170,"column":33}},"42":{"start":{"line":172,"column":4},"end":{"line":172,"column":63}},"43":{"start":{"line":180,"column":4},"end":{"line":180,"column":72}},"44":{"start":{"line":183,"column":4},"end":{"line":183,"column":54}},"45":{"start":{"line":186,"column":4},"end":{"line":186,"column":33}},"46":{"start":{"line":188,"column":4},"end":{"line":188,"column":52}},"47":{"start":{"line":192,"column":4},"end":{"line":192,"column":68}},"48":{"start":{"line":195,"column":4},"end":{"line":195,"column":106}},"49":{"start":{"line":198,"column":4},"end":{"line":198,"column":64}},"50":{"start":{"line":201,"column":4},"end":{"line":201,"column":40}},"51":{"start":{"line":202,"column":4},"end":{"line":202,"column":83}},"52":{"start":{"line":206,"column":4},"end":{"line":206,"column":91}},"53":{"start":{"line":209,"column":4},"end":{"line":209,"column":80}},"54":{"start":{"line":211,"column":4},"end":{"line":211,"column":20}},"55":{"start":{"line":220,"column":4},"end":{"line":220,"column":69}},"56":{"start":{"line":223,"column":4},"end":{"line":223,"column":39}},"57":{"start":{"line":224,"column":4},"end":{"line":224,"column":27}},"58":{"start":{"line":227,"column":4},"end":{"line":227,"column":57}},"59":{"start":{"line":228,"column":4},"end":{"line":228,"column":46}},"60":{"start":{"line":230,"column":4},"end":{"line":230,"column":21}},"61":{"start":{"line":234,"column":4},"end":{"line":234,"column":64}},"62":{"start":{"line":237,"column":4},"end":{"line":237,"column":57}},"63":{"start":{"line":240,"column":4},"end":{"line":240,"column":89}},"64":{"start":{"line":241,"column":4},"end":{"line":241,"column":86}},"65":{"start":{"line":243,"column":4},"end":{"line":243,"column":45}},"66":{"start":{"line":247,"column":4},"end":{"line":247,"column":34}},"67":{"start":{"line":251,"column":4},"end":{"line":251,"column":9045}},"68":{"start":{"line":252,"column":6},"end":{"line":252,"column":43}},"69":{"start":{"line":254,"column":6},"end":{"line":254,"column":14}},"70":{"start":{"line":264,"column":4},"end":{"line":264,"column":37}},"71":{"start":{"line":265,"column":4},"end":{"line":265,"column":33}},"72":{"start":{"line":266,"column":4},"end":{"line":266,"column":33}},"73":{"start":{"line":267,"column":4},"end":{"line":267,"column":33}},"74":{"start":{"line":268,"column":4},"end":{"line":268,"column":31}},"75":{"start":{"line":276,"column":4},"end":{"line":276,"column":45}},"76":{"start":{"line":284,"column":4},"end":{"line":284,"column":26}},"77":{"start":{"line":292,"column":4},"end":{"line":292,"column":37}},"78":{"start":{"line":296,"column":4},"end":{"line":296,"column":45}},"79":{"start":{"line":300,"column":4},"end":{"line":300,"column":35}},"80":{"start":{"line":304,"column":4},"end":{"line":304,"column":88}},"81":{"start":{"line":312,"column":4},"end":{"line":312,"column":105}},"82":{"start":{"line":313,"column":4},"end":{"line":313,"column":100}},"83":{"start":{"line":321,"column":4},"end":{"line":321,"column":38}},"84":{"start":{"line":325,"column":4},"end":{"line":325,"column":11463}},"85":{"start":{"line":326,"column":6},"end":{"line":326,"column":99}},"86":{"start":{"line":338,"column":4},"end":{"line":338,"column":40}},"87":{"start":{"line":342,"column":4},"end":{"line":342,"column":64}},"88":{"start":{"line":343,"column":4},"end":{"line":343,"column":85}},"89":{"start":{"line":344,"column":4},"end":{"line":344,"column":37}},"90":{"start":{"line":346,"column":4},"end":{"line":346,"column":45}},"91":{"start":{"line":350,"column":4},"end":{"line":350,"column":39}},"92":{"start":{"line":354,"column":4},"end":{"line":354,"column":66}},"93":{"start":{"line":355,"column":4},"end":{"line":355,"column":36}},"94":{"start":{"line":359,"column":4},"end":{"line":359,"column":20}},"95":{"start":{"line":363,"column":4},"end":{"line":363,"column":29}},"96":{"start":{"line":367,"column":4},"end":{"line":367,"column":21}},"97":{"start":{"line":369,"column":4},"end":{"line":369,"column":27}},"98":{"start":{"line":373,"column":4},"end":{"line":373,"column":54}},"99":{"start":{"line":374,"column":4},"end":{"line":374,"column":24}},"100":{"start":{"line":376,"column":4},"end":{"line":376,"column":29}},"101":{"start":{"line":380,"column":4},"end":{"line":380,"column":38}},"102":{"start":{"line":384,"column":4},"end":{"line":384,"column":52}},"103":{"start":{"line":388,"column":4},"end":{"line":388,"column":54}},"104":{"start":{"line":393,"column":4},"end":{"line":393,"column":61}}},"branchMap":{"1":{"line":52,"type":"if","locations":[{"start":{"line":52,"column":4},"end":{"line":52,"column":4}},{"start":{"line":52,"column":4},"end":{"line":52,"column":4}}]},"2":{"line":53,"type":"if","locations":[{"start":{"line":53,"column":4},"end":{"line":53,"column":4}},{"start":{"line":53,"column":4},"end":{"line":53,"column":4}}]},"3":{"line":90,"type":"if","locations":[{"start":{"line":90,"column":4},"end":{"line":90,"column":4}},{"start":{"line":90,"column":4},"end":{"line":90,"column":4}}]},"4":{"line":91,"type":"if","locations":[{"start":{"line":91,"column":4},"end":{"line":91,"column":4}},{"start":{"line":91,"column":4},"end":{"line":91,"column":4}}]},"5":{"line":98,"type":"if","locations":[{"start":{"line":98,"column":4},"end":{"line":98,"column":4}},{"start":{"line":98,"column":4},"end":{"line":98,"column":4}}]},"6":{"line":113,"type":"if","locations":[{"start":{"line":113,"column":4},"end":{"line":113,"column":4}},{"start":{"line":113,"column":4},"end":{"line":113,"column":4}}]},"7":{"line":136,"type":"if","locations":[{"start":{"line":136,"column":4},"end":{"line":136,"column":4}},{"start":{"line":136,"column":4},"end":{"line":136,"column":4}}]},"8":{"line":192,"type":"if","locations":[{"start":{"line":192,"column":4},"end":{"line":192,"column":4}},{"start":{"line":192,"column":4},"end":{"line":192,"column":4}}]},"9":{"line":195,"type":"if","locations":[{"start":{"line":195,"column":4},"end":{"line":195,"column":4}},{"start":{"line":195,"column":4},"end":{"line":195,"column":4}}]},"10":{"line":202,"type":"if","locations":[{"start":{"line":202,"column":4},"end":{"line":202,"column":4}},{"start":{"line":202,"column":4},"end":{"line":202,"column":4}}]},"11":{"line":206,"type":"if","locations":[{"start":{"line":206,"column":4},"end":{"line":206,"column":4}},{"start":{"line":206,"column":4},"end":{"line":206,"column":4}}]},"12":{"line":220,"type":"if","locations":[{"start":{"line":220,"column":4},"end":{"line":220,"column":4}},{"start":{"line":220,"column":4},"end":{"line":220,"column":4}}]},"13":{"line":234,"type":"if","locations":[{"start":{"line":234,"column":4},"end":{"line":234,"column":4}},{"start":{"line":234,"column":4},"end":{"line":234,"column":4}}]},"14":{"line":240,"type":"if","locations":[{"start":{"line":240,"column":4},"end":{"line":240,"column":4}},{"start":{"line":240,"column":4},"end":{"line":240,"column":4}}]},"15":{"line":241,"type":"if","locations":[{"start":{"line":241,"column":4},"end":{"line":241,"column":4}},{"start":{"line":241,"column":4},"end":{"line":241,"column":4}}]},"16":{"line":251,"type":"if","locations":[{"start":{"line":251,"column":4},"end":{"line":251,"column":4}},{"start":{"line":251,"column":4},"end":{"line":251,"column":4}}]},"17":{"line":325,"type":"if","locations":[{"start":{"line":325,"column":4},"end":{"line":325,"column":4}},{"start":{"line":325,"column":4},"end":{"line":325,"column":4}}]},"18":{"line":326,"type":"if","locations":[{"start":{"line":326,"column":6},"end":{"line":326,"column":6}},{"start":{"line":326,"column":6},"end":{"line":326,"column":6}}]},"19":{"line":342,"type":"if","locations":[{"start":{"line":342,"column":4},"end":{"line":342,"column":4}},{"start":{"line":342,"column":4},"end":{"line":342,"column":4}}]},"20":{"line":343,"type":"if","locations":[{"start":{"line":343,"column":4},"end":{"line":343,"column":4}},{"start":{"line":343,"column":4},"end":{"line":343,"column":4}}]},"21":{"line":354,"type":"if","locations":[{"start":{"line":354,"column":4},"end":{"line":354,"column":4}},{"start":{"line":354,"column":4},"end":{"line":354,"column":4}}]},"22":{"line":373,"type":"if","locations":[{"start":{"line":373,"column":4},"end":{"line":373,"column":4}},{"start":{"line":373,"column":4},"end":{"line":373,"column":4}}]},"23":{"line":388,"type":"if","locations":[{"start":{"line":388,"column":4},"end":{"line":388,"column":4}},{"start":{"line":388,"column":4},"end":{"line":388,"column":4}}]},"24":{"line":393,"type":"if","locations":[{"start":{"line":393,"column":4},"end":{"line":393,"column":4}},{"start":{"line":393,"column":4},"end":{"line":393,"column":4}}]}}},"contracts/Token.sol":{"l":{},"path":"/Users/brendan/workspace/pooltogether-contracts/contracts/Token.sol","s":{},"b":{},"f":{},"fnMap":{},"statementMap":{},"branchMap":{}},"contracts/UniformRandomNumber.sol":{"l":{"10":11,"11":3,"13":8,"14":8,"15":8,"16":9,"17":8,"19":1,"21":8},"path":"/Users/brendan/workspace/pooltogether-contracts/contracts/UniformRandomNumber.sol","s":{"1":11,"2":3,"3":8,"4":8,"5":8,"6":9,"7":1,"8":8},"b":{"1":[3,8],"2":[8,1]},"f":{"1":11},"fnMap":{"1":{"name":"uniform","line":9,"loc":{"start":{"line":9,"column":2},"end":{"line":9,"column":89}}}},"statementMap":{"1":{"start":{"line":10,"column":4},"end":{"line":10,"column":447}},"2":{"start":{"line":11,"column":6},"end":{"line":11,"column":14}},"3":{"start":{"line":13,"column":4},"end":{"line":13,"column":44}},"4":{"start":{"line":14,"column":4},"end":{"line":14,"column":29}},"5":{"start":{"line":15,"column":4},"end":{"line":15,"column":574}},"6":{"start":{"line":16,"column":6},"end":{"line":16,"column":597}},"7":{"start":{"line":19,"column":6},"end":{"line":19,"column":58}},"8":{"start":{"line":21,"column":4},"end":{"line":21,"column":31}}},"branchMap":{"1":{"line":10,"type":"if","locations":[{"start":{"line":10,"column":4},"end":{"line":10,"column":4}},{"start":{"line":10,"column":4},"end":{"line":10,"column":4}}]},"2":{"line":16,"type":"if","locations":[{"start":{"line":16,"column":6},"end":{"line":16,"column":6}},{"start":{"line":16,"column":6},"end":{"line":16,"column":6}}]}}}}